<?xml version="1.0" encoding="UTF-8"?>
<coverage generated="1666921614717" clover="3.2.0">
  <project timestamp="1666921614717" name="All files">
    <metrics statements="132" coveredstatements="108" conditionals="58" coveredconditionals="47" methods="73" coveredmethods="59" elements="263" coveredelements="214" complexity="0" loc="132" ncloc="132" packages="3" files="12" classes="12"/>
    <package name="src">
      <metrics statements="3" coveredstatements="0" conditionals="4" coveredconditionals="0" methods="2" coveredmethods="0"/>
      <file name="App.tsx" path="C:\Users\Michael\Documents\CISC275\Broken Code\quizzer_start\src\App.tsx">
        <metrics statements="3" coveredstatements="0" conditionals="4" coveredconditionals="0" methods="2" coveredmethods="0"/>
        <line num="9" count="0" type="stmt"/>
        <line num="11" count="0" type="stmt"/>
        <line num="17" count="0" type="stmt"/>
      </file>
    </package>
    <package name="src.interfaces">
      <metrics statements="0" coveredstatements="0" conditionals="0" coveredconditionals="0" methods="0" coveredmethods="0"/>
      <file name="question.ts" path="C:\Users\Michael\Documents\CISC275\Broken Code\quizzer_start\src\interfaces\question.ts">
        <metrics statements="0" coveredstatements="0" conditionals="0" coveredconditionals="0" methods="0" coveredmethods="0"/>
      </file>
      <file name="quiz.ts" path="C:\Users\Michael\Documents\CISC275\Broken Code\quizzer_start\src\interfaces\quiz.ts">
        <metrics statements="0" coveredstatements="0" conditionals="0" coveredconditionals="0" methods="0" coveredmethods="0"/>
      </file>
    </package>
    <package name="src.quizzer">
      <metrics statements="129" coveredstatements="108" conditionals="54" coveredconditionals="47" methods="71" coveredmethods="59"/>
      <file name="AddQuizModal.tsx" path="C:\Users\Michael\Documents\CISC275\Broken Code\quizzer_start\src\quizzer\AddQuizModal.tsx">
        <metrics statements="13" coveredstatements="8" conditionals="0" coveredconditionals="0" methods="5" coveredmethods="2"/>
        <line num="13" count="35" type="stmt"/>
        <line num="14" count="35" type="stmt"/>
        <line num="16" count="35" type="stmt"/>
        <line num="17" count="1" type="stmt"/>
        <line num="18" count="1" type="stmt"/>
        <line num="19" count="1" type="stmt"/>
        <line num="20" count="1" type="stmt"/>
        <line num="23" count="35" type="stmt"/>
        <line num="36" count="0" type="stmt"/>
        <line num="45" count="0" type="stmt"/>
        <line num="53" count="0" type="stmt"/>
        <line num="54" count="0" type="stmt"/>
        <line num="55" count="0" type="stmt"/>
      </file>
      <file name="QuestionEdit.tsx" path="C:\Users\Michael\Documents\CISC275\Broken Code\quizzer_start\src\quizzer\QuestionEdit.tsx">
        <metrics statements="29" coveredstatements="15" conditionals="12" coveredconditionals="8" methods="15" coveredmethods="8"/>
        <line num="22" count="69" type="stmt"/>
        <line num="23" count="69" type="stmt"/>
        <line num="26" count="69" type="stmt"/>
        <line num="27" count="0" type="stmt"/>
        <line num="29" count="0" type="cond" truecount="0" falsecount="2"/>
        <line num="30" count="0" type="stmt"/>
        <line num="38" count="69" type="stmt"/>
        <line num="39" count="1" type="stmt"/>
        <line num="40" count="1" type="stmt"/>
        <line num="48" count="69" type="stmt"/>
        <line num="49" count="0" type="stmt"/>
        <line num="50" count="0" type="stmt"/>
        <line num="53" count="69" type="stmt"/>
        <line num="57" count="0" type="stmt"/>
        <line num="58" count="0" type="stmt"/>
        <line num="59" count="0" type="stmt"/>
        <line num="66" count="69" type="stmt"/>
        <line num="67" count="0" type="stmt"/>
        <line num="68" count="0" type="stmt"/>
        <line num="69" count="0" type="stmt"/>
        <line num="75" count="69" type="stmt"/>
        <line num="92" count="1" type="stmt"/>
        <line num="165" count="0" type="stmt"/>
        <line num="178" count="105" type="stmt"/>
        <line num="199" count="0" type="stmt"/>
        <line num="217" count="2" type="stmt"/>
        <line num="226" count="0" type="stmt"/>
        <line num="242" count="1" type="stmt"/>
        <line num="254" count="1" type="stmt"/>
      </file>
      <file name="QuizCard.tsx" path="C:\Users\Michael\Documents\CISC275\Broken Code\quizzer_start\src\quizzer\QuizCard.tsx">
        <metrics statements="4" coveredstatements="4" conditionals="5" coveredconditionals="4" methods="3" coveredmethods="3"/>
        <line num="14" count="85" type="stmt"/>
        <line num="16" count="336" type="cond" truecount="3" falsecount="0"/>
        <line num="19" count="85" type="stmt"/>
        <line num="25" count="12" type="stmt"/>
      </file>
      <file name="QuizEdit.tsx" path="C:\Users\Michael\Documents\CISC275\Broken Code\quizzer_start\src\quizzer\QuizEdit.tsx">
        <metrics statements="24" coveredstatements="22" conditionals="6" coveredconditionals="6" methods="15" coveredmethods="13"/>
        <line num="22" count="17" type="stmt"/>
        <line num="24" count="17" type="stmt"/>
        <line num="25" count="3" type="stmt"/>
        <line num="28" count="12" type="cond" truecount="2" falsecount="0"/>
        <line num="32" count="17" type="stmt"/>
        <line num="33" count="1" type="stmt"/>
        <line num="35" count="4" type="stmt"/>
        <line num="39" count="17" type="stmt"/>
        <line num="40" count="7" type="stmt"/>
        <line num="43" count="17" type="stmt"/>
        <line num="44" count="2" type="stmt"/>
        <line num="48" count="8" type="cond" truecount="2" falsecount="0"/>
        <line num="49" count="6" type="cond" truecount="2" falsecount="0"/>
        <line num="50" count="4" type="stmt"/>
        <line num="56" count="17" type="stmt"/>
        <line num="68" count="0" type="stmt"/>
        <line num="85" count="2" type="stmt"/>
        <line num="99" count="0" type="stmt"/>
        <line num="107" count="69" type="stmt"/>
        <line num="123" count="1" type="stmt"/>
        <line num="149" count="7" type="stmt"/>
        <line num="150" count="7" type="stmt"/>
        <line num="162" count="1" type="stmt"/>
        <line num="163" count="1" type="stmt"/>
      </file>
      <file name="QuizExpanded.tsx" path="C:\Users\Michael\Documents\CISC275\Broken Code\quizzer_start\src\quizzer\QuizExpanded.tsx">
        <metrics statements="24" coveredstatements="24" conditionals="7" coveredconditionals="7" methods="12" coveredmethods="12"/>
        <line num="20" count="24" type="stmt"/>
        <line num="22" count="96" type="cond" truecount="3" falsecount="0"/>
        <line num="25" count="24" type="stmt"/>
        <line num="26" count="24" type="stmt"/>
        <line num="30" count="24" type="stmt"/>
        <line num="31" count="2" type="stmt"/>
        <line num="32" count="2" type="stmt"/>
        <line num="33" count="2" type="stmt"/>
        <line num="36" count="24" type="stmt"/>
        <line num="37" count="53" type="stmt"/>
        <line num="41" count="24" type="stmt"/>
        <line num="42" count="2" type="stmt"/>
        <line num="45" count="24" type="stmt"/>
        <line num="46" count="9" type="stmt"/>
        <line num="47" count="9" type="stmt"/>
        <line num="50" count="36" type="stmt"/>
        <line num="54" count="9" type="stmt"/>
        <line num="57" count="24" type="stmt"/>
        <line num="58" count="2" type="stmt"/>
        <line num="60" count="8" type="cond" truecount="2" falsecount="0"/>
        <line num="64" count="24" type="stmt"/>
        <line num="79" count="8" type="stmt"/>
        <line num="80" count="8" type="stmt"/>
        <line num="96" count="53" type="stmt"/>
      </file>
      <file name="QuizList.tsx" path="C:\Users\Michael\Documents\CISC275\Broken Code\quizzer_start\src\quizzer\QuizList.tsx">
        <metrics statements="10" coveredstatements="10" conditionals="4" coveredconditionals="4" methods="5" coveredmethods="5"/>
        <line num="19" count="47" type="stmt"/>
        <line num="21" count="47" type="stmt"/>
        <line num="22" count="12" type="stmt"/>
        <line num="25" count="47" type="stmt"/>
        <line num="26" count="1" type="stmt"/>
        <line num="29" count="47" type="stmt"/>
        <line num="34" count="85" type="stmt"/>
        <line num="46" count="235" type="cond" truecount="2" falsecount="0"/>
        <line num="47" count="30" type="stmt"/>
        <line num="57" count="205" type="stmt"/>
      </file>
      <file name="QuizQuestion.tsx" path="C:\Users\Michael\Documents\CISC275\Broken Code\quizzer_start\src\quizzer\QuizQuestion.tsx">
        <metrics statements="9" coveredstatements="9" conditionals="14" coveredconditionals="12" methods="4" coveredmethods="4"/>
        <line num="23" count="53" type="stmt"/>
        <line num="24" count="2" type="cond" truecount="1" falsecount="1"/>
        <line num="25" count="2" type="stmt"/>
        <line num="29" count="53" type="stmt"/>
        <line num="30" count="2" type="stmt"/>
        <line num="31" count="2" type="cond" truecount="1" falsecount="1"/>
        <line num="32" count="2" type="stmt"/>
        <line num="36" count="53" type="stmt"/>
        <line num="62" count="84" type="stmt"/>
      </file>
      <file name="QuizView.tsx" path="C:\Users\Michael\Documents\CISC275\Broken Code\quizzer_start\src\quizzer\QuizView.tsx">
        <metrics statements="4" coveredstatements="4" conditionals="4" coveredconditionals="4" methods="2" coveredmethods="2"/>
        <line num="19" count="30" type="stmt"/>
        <line num="21" count="30" type="stmt"/>
        <line num="22" count="15" type="stmt"/>
        <line num="25" count="30" type="stmt"/>
      </file>
      <file name="Quizzer.tsx" path="C:\Users\Michael\Documents\CISC275\Broken Code\quizzer_start\src\quizzer\Quizzer.tsx">
        <metrics statements="12" coveredstatements="12" conditionals="2" coveredconditionals="2" methods="10" coveredmethods="10"/>
        <line num="10" count="1" type="stmt"/>
        <line num="11" count="5" type="stmt"/>
        <line num="14" count="20" type="stmt"/>
        <line num="24" count="36" type="stmt"/>
        <line num="25" count="35" type="stmt"/>
        <line num="28" count="18" type="stmt"/>
        <line num="29" count="90" type="cond" truecount="2" falsecount="0"/>
        <line num="35" count="1" type="stmt"/>
        <line num="39" count="5" type="stmt"/>
        <line num="42" count="35" type="stmt"/>
        <line num="43" count="35" type="stmt"/>
        <line num="45" count="35" type="stmt"/>
      </file>
    </package>
  </project>
</coverage>
