{"C:\\Users\\Michael\\Documents\\CISC275\\Broken Code\\quizzer_start\\src\\App.tsx": {"path":"C:\\Users\\Michael\\Documents\\CISC275\\Broken Code\\quizzer_start\\src\\App.tsx","statementMap":{"0":{"start":{"line":9,"column":34},"end":{"line":9,"column":57}},"1":{"start":{"line":11,"column":4},"end":{"line":27,"column":6}},"2":{"start":{"line":17,"column":24},"end":{"line":17,"column":45}}},"fnMap":{"0":{"name":"App","decl":{"start":{"line":8,"column":9},"end":{"line":8,"column":12}},"loc":{"start":{"line":8,"column":28},"end":{"line":28,"column":1}},"line":8},"1":{"name":"(anonymous_1)","decl":{"start":{"line":16,"column":29},"end":{"line":16,"column":30}},"loc":{"start":{"line":16,"column":35},"end":{"line":18,"column":21}},"line":16}},"branchMap":{"0":{"loc":{"start":{"line":20,"column":21},"end":{"line":20,"column":50}},"type":"cond-expr","locations":[{"start":{"line":20,"column":31},"end":{"line":20,"column":40}},{"start":{"line":20,"column":43},"end":{"line":20,"column":50}}],"line":20},"1":{"loc":{"start":{"line":23,"column":35},"end":{"line":23,"column":61}},"type":"cond-expr","locations":[{"start":{"line":23,"column":45},"end":{"line":23,"column":52}},{"start":{"line":23,"column":55},"end":{"line":23,"column":61}}],"line":23}},"s":{"0":0,"1":0,"2":0},"f":{"0":0,"1":0},"b":{"0":[0,0],"1":[0,0]}}
,"C:\\Users\\Michael\\Documents\\CISC275\\Broken Code\\quizzer_start\\src\\interfaces\\question.ts": {"path":"C:\\Users\\Michael\\Documents\\CISC275\\Broken Code\\quizzer_start\\src\\interfaces\\question.ts","statementMap":{},"fnMap":{},"branchMap":{},"s":{},"f":{},"b":{}}
,"C:\\Users\\Michael\\Documents\\CISC275\\Broken Code\\quizzer_start\\src\\interfaces\\quiz.ts": {"path":"C:\\Users\\Michael\\Documents\\CISC275\\Broken Code\\quizzer_start\\src\\interfaces\\quiz.ts","statementMap":{},"fnMap":{},"branchMap":{},"s":{},"f":{},"b":{}}
,"C:\\Users\\Michael\\Documents\\CISC275\\Broken Code\\quizzer_start\\src\\quizzer\\AddQuizModal.tsx": {"path":"C:\\Users\\Michael\\Documents\\CISC275\\Broken Code\\quizzer_start\\src\\quizzer\\AddQuizModal.tsx","statementMap":{"0":{"start":{"line":13,"column":30},"end":{"line":13,"column":62}},"1":{"start":{"line":14,"column":28},"end":{"line":14,"column":67}},"2":{"start":{"line":16,"column":24},"end":{"line":21,"column":5}},"3":{"start":{"line":17,"column":8},"end":{"line":17,"column":29}},"4":{"start":{"line":18,"column":8},"end":{"line":18,"column":33}},"5":{"start":{"line":19,"column":8},"end":{"line":19,"column":39}},"6":{"start":{"line":20,"column":8},"end":{"line":20,"column":22}},"7":{"start":{"line":23,"column":4},"end":{"line":66,"column":6}},"8":{"start":{"line":36,"column":33},"end":{"line":36,"column":57}},"9":{"start":{"line":45,"column":33},"end":{"line":45,"column":56}},"10":{"start":{"line":53,"column":28},"end":{"line":53,"column":53}},"11":{"start":{"line":54,"column":28},"end":{"line":54,"column":59}},"12":{"start":{"line":55,"column":28},"end":{"line":55,"column":42}}},"fnMap":{"0":{"name":"AddQuizModal","decl":{"start":{"line":4,"column":16},"end":{"line":4,"column":28}},"loc":{"start":{"line":12,"column":16},"end":{"line":67,"column":1}},"line":12},"1":{"name":"(anonymous_1)","decl":{"start":{"line":16,"column":24},"end":{"line":16,"column":25}},"loc":{"start":{"line":16,"column":30},"end":{"line":21,"column":5}},"line":16},"2":{"name":"(anonymous_2)","decl":{"start":{"line":34,"column":38},"end":{"line":34,"column":39}},"loc":{"start":{"line":36,"column":33},"end":{"line":36,"column":57}},"line":36},"3":{"name":"(anonymous_3)","decl":{"start":{"line":43,"column":38},"end":{"line":43,"column":39}},"loc":{"start":{"line":45,"column":33},"end":{"line":45,"column":56}},"line":45},"4":{"name":"(anonymous_4)","decl":{"start":{"line":52,"column":33},"end":{"line":52,"column":34}},"loc":{"start":{"line":52,"column":39},"end":{"line":56,"column":25}},"line":52}},"branchMap":{},"s":{"0":35,"1":35,"2":35,"3":1,"4":1,"5":1,"6":1,"7":35,"8":0,"9":0,"10":0,"11":0,"12":0},"f":{"0":35,"1":1,"2":0,"3":0,"4":0},"b":{},"_coverageSchema":"1a1c01bbd47fc00a2c39e90264f33305004495a9","hash":"d89bb5e3385c96cb30d1e144b8e67eeedde18e1b"}
,"C:\\Users\\Michael\\Documents\\CISC275\\Broken Code\\quizzer_start\\src\\quizzer\\QuestionEdit.tsx": {"path":"C:\\Users\\Michael\\Documents\\CISC275\\Broken Code\\quizzer_start\\src\\quizzer\\QuestionEdit.tsx","statementMap":{"0":{"start":{"line":22,"column":19},"end":{"line":24,"column":5}},"1":{"start":{"line":23,"column":50},"end":{"line":23,"column":73}},"2":{"start":{"line":26,"column":29},"end":{"line":36,"column":5}},"3":{"start":{"line":27,"column":8},"end":{"line":27,"column":13}},"4":{"start":{"line":29,"column":12},"end":{"line":29,"column":71}},"5":{"start":{"line":30,"column":8},"end":{"line":35,"column":11}},"6":{"start":{"line":38,"column":25},"end":{"line":46,"column":5}},"7":{"start":{"line":39,"column":8},"end":{"line":39,"column":13}},"8":{"start":{"line":40,"column":8},"end":{"line":45,"column":11}},"9":{"start":{"line":48,"column":25},"end":{"line":51,"column":5}},"10":{"start":{"line":49,"column":5},"end":{"line":49,"column":47}},"11":{"start":{"line":50,"column":8},"end":{"line":50,"column":44}},"12":{"start":{"line":53,"column":31},"end":{"line":64,"column":5}},"13":{"start":{"line":57,"column":27},"end":{"line":57,"column":48}},"14":{"start":{"line":58,"column":8},"end":{"line":58,"column":48}},"15":{"start":{"line":59,"column":8},"end":{"line":63,"column":11}},"16":{"start":{"line":66,"column":30},"end":{"line":73,"column":5}},"17":{"start":{"line":67,"column":20},"end":{"line":67,"column":44}},"18":{"start":{"line":68,"column":8},"end":{"line":68,"column":15}},"19":{"start":{"line":69,"column":8},"end":{"line":72,"column":11}},"20":{"start":{"line":75,"column":4},"end":{"line":262,"column":6}},"21":{"start":{"line":92,"column":36},"end":{"line":95,"column":39}},"22":{"start":{"line":165,"column":44},"end":{"line":168,"column":47}},"23":{"start":{"line":178,"column":44},"end":{"line":205,"column":50}},"24":{"start":{"line":199,"column":56},"end":{"line":202,"column":58}},"25":{"start":{"line":217,"column":32},"end":{"line":217,"column":63}},"26":{"start":{"line":226,"column":32},"end":{"line":226,"column":63}},"27":{"start":{"line":242,"column":28},"end":{"line":245,"column":31}},"28":{"start":{"line":254,"column":28},"end":{"line":254,"column":56}}},"fnMap":{"0":{"name":"QuestionEdit","decl":{"start":{"line":7,"column":16},"end":{"line":7,"column":28}},"loc":{"start":{"line":21,"column":16},"end":{"line":263,"column":1}},"line":21},"1":{"name":"(anonymous_1)","decl":{"start":{"line":23,"column":35},"end":{"line":23,"column":36}},"loc":{"start":{"line":23,"column":50},"end":{"line":23,"column":73}},"line":23},"2":{"name":"(anonymous_2)","decl":{"start":{"line":26,"column":29},"end":{"line":26,"column":30}},"loc":{"start":{"line":26,"column":73},"end":{"line":36,"column":5}},"line":26},"3":{"name":"(anonymous_3)","decl":{"start":{"line":38,"column":25},"end":{"line":38,"column":26}},"loc":{"start":{"line":38,"column":31},"end":{"line":46,"column":5}},"line":38},"4":{"name":"(anonymous_4)","decl":{"start":{"line":48,"column":25},"end":{"line":48,"column":26}},"loc":{"start":{"line":48,"column":69},"end":{"line":51,"column":5}},"line":48},"5":{"name":"(anonymous_5)","decl":{"start":{"line":53,"column":31},"end":{"line":53,"column":32}},"loc":{"start":{"line":56,"column":9},"end":{"line":64,"column":5}},"line":56},"6":{"name":"(anonymous_6)","decl":{"start":{"line":66,"column":30},"end":{"line":66,"column":31}},"loc":{"start":{"line":66,"column":74},"end":{"line":73,"column":5}},"line":66},"7":{"name":"(anonymous_7)","decl":{"start":{"line":89,"column":42},"end":{"line":89,"column":43}},"loc":{"start":{"line":91,"column":37},"end":{"line":96,"column":33}},"line":91},"8":{"name":"(anonymous_8)","decl":{"start":{"line":162,"column":50},"end":{"line":162,"column":51}},"loc":{"start":{"line":164,"column":45},"end":{"line":169,"column":41}},"line":164},"9":{"name":"(anonymous_9)","decl":{"start":{"line":177,"column":40},"end":{"line":177,"column":41}},"loc":{"start":{"line":178,"column":44},"end":{"line":205,"column":50}},"line":178},"10":{"name":"(anonymous_10)","decl":{"start":{"line":196,"column":62},"end":{"line":196,"column":63}},"loc":{"start":{"line":198,"column":57},"end":{"line":203,"column":53}},"line":198},"11":{"name":"(anonymous_11)","decl":{"start":{"line":216,"column":37},"end":{"line":216,"column":38}},"loc":{"start":{"line":216,"column":43},"end":{"line":218,"column":29}},"line":216},"12":{"name":"(anonymous_12)","decl":{"start":{"line":225,"column":37},"end":{"line":225,"column":38}},"loc":{"start":{"line":225,"column":43},"end":{"line":227,"column":29}},"line":225},"13":{"name":"(anonymous_13)","decl":{"start":{"line":241,"column":34},"end":{"line":241,"column":35}},"loc":{"start":{"line":241,"column":78},"end":{"line":246,"column":25}},"line":241},"14":{"name":"(anonymous_14)","decl":{"start":{"line":253,"column":33},"end":{"line":253,"column":34}},"loc":{"start":{"line":253,"column":39},"end":{"line":255,"column":25}},"line":253}},"branchMap":{"0":{"loc":{"start":{"line":29,"column":12},"end":{"line":29,"column":71}},"type":"cond-expr","locations":[{"start":{"line":29,"column":43},"end":{"line":29,"column":44}},{"start":{"line":29,"column":47},"end":{"line":29,"column":71}}],"line":29},"1":{"loc":{"start":{"line":62,"column":22},"end":{"line":62,"column":66}},"type":"cond-expr","locations":[{"start":{"line":62,"column":32},"end":{"line":62,"column":46}},{"start":{"line":62,"column":49},"end":{"line":62,"column":66}}],"line":62},"2":{"loc":{"start":{"line":111,"column":31},"end":{"line":111,"column":63}},"type":"cond-expr","locations":[{"start":{"line":111,"column":55},"end":{"line":111,"column":58}},{"start":{"line":111,"column":61},"end":{"line":111,"column":63}}],"line":111},"3":{"loc":{"start":{"line":142,"column":29},"end":{"line":154,"column":29}},"type":"binary-expr","locations":[{"start":{"line":142,"column":29},"end":{"line":142,"column":73}},{"start":{"line":143,"column":32},"end":{"line":153,"column":35}}],"line":142},"4":{"loc":{"start":{"line":157,"column":29},"end":{"line":172,"column":29}},"type":"binary-expr","locations":[{"start":{"line":157,"column":29},"end":{"line":157,"column":70}},{"start":{"line":158,"column":32},"end":{"line":171,"column":45}}],"line":157},"5":{"loc":{"start":{"line":173,"column":29},"end":{"line":209,"column":29}},"type":"binary-expr","locations":[{"start":{"line":173,"column":29},"end":{"line":173,"column":73}},{"start":{"line":174,"column":32},"end":{"line":208,"column":45}}],"line":173}},"s":{"0":69,"1":69,"2":69,"3":0,"4":0,"5":0,"6":69,"7":1,"8":1,"9":69,"10":0,"11":0,"12":69,"13":0,"14":0,"15":0,"16":69,"17":0,"18":0,"19":0,"20":69,"21":1,"22":0,"23":105,"24":0,"25":2,"26":0,"27":1,"28":1},"f":{"0":69,"1":69,"2":0,"3":1,"4":0,"5":0,"6":0,"7":1,"8":0,"9":105,"10":0,"11":2,"12":0,"13":1,"14":1},"b":{"0":[0,0],"1":[0,0],"2":[17,52],"3":[69,35],"4":[69,34],"5":[69,35]},"_coverageSchema":"1a1c01bbd47fc00a2c39e90264f33305004495a9","hash":"2d0ede8557da0244a91c5cb96db3bef26038429b"}
,"C:\\Users\\Michael\\Documents\\CISC275\\Broken Code\\quizzer_start\\src\\quizzer\\QuizCard.tsx": {"path":"C:\\Users\\Michael\\Documents\\CISC275\\Broken Code\\quizzer_start\\src\\quizzer\\QuizCard.tsx","statementMap":{"0":{"start":{"line":14,"column":30},"end":{"line":17,"column":5}},"1":{"start":{"line":16,"column":12},"end":{"line":16,"column":62}},"2":{"start":{"line":19,"column":4},"end":{"line":37,"column":6}},"3":{"start":{"line":25,"column":24},"end":{"line":25,"column":45}}},"fnMap":{"0":{"name":"QuizCard","decl":{"start":{"line":7,"column":16},"end":{"line":7,"column":24}},"loc":{"start":{"line":13,"column":16},"end":{"line":38,"column":1}},"line":13},"1":{"name":"(anonymous_1)","decl":{"start":{"line":15,"column":8},"end":{"line":15,"column":9}},"loc":{"start":{"line":16,"column":12},"end":{"line":16,"column":62}},"line":16},"2":{"name":"(anonymous_2)","decl":{"start":{"line":24,"column":29},"end":{"line":24,"column":30}},"loc":{"start":{"line":24,"column":35},"end":{"line":26,"column":21}},"line":24}},"branchMap":{"0":{"loc":{"start":{"line":16,"column":12},"end":{"line":16,"column":62}},"type":"binary-expr","locations":[{"start":{"line":16,"column":13},"end":{"line":16,"column":27}},{"start":{"line":16,"column":31},"end":{"line":16,"column":42}},{"start":{"line":16,"column":47},"end":{"line":16,"column":62}}],"line":16},"1":{"loc":{"start":{"line":32,"column":21},"end":{"line":32,"column":62}},"type":"cond-expr","locations":[{"start":{"line":32,"column":54},"end":{"line":32,"column":57}},{"start":{"line":32,"column":60},"end":{"line":32,"column":62}}],"line":32}},"s":{"0":85,"1":336,"2":85,"3":12},"f":{"0":85,"1":336,"2":12},"b":{"0":[336,285,151],"1":[85,0]},"_coverageSchema":"1a1c01bbd47fc00a2c39e90264f33305004495a9","hash":"dd443696b075d5d37ae414dc5fd481850a568831"}
,"C:\\Users\\Michael\\Documents\\CISC275\\Broken Code\\quizzer_start\\src\\quizzer\\QuizEdit.tsx": {"path":"C:\\Users\\Michael\\Documents\\CISC275\\Broken Code\\quizzer_start\\src\\quizzer\\QuizEdit.tsx","statementMap":{"0":{"start":{"line":22,"column":34},"end":{"line":22,"column":61}},"1":{"start":{"line":24,"column":25},"end":{"line":30,"column":5}},"2":{"start":{"line":25,"column":8},"end":{"line":29,"column":11}},"3":{"start":{"line":28,"column":72},"end":{"line":28,"column":133}},"4":{"start":{"line":32,"column":27},"end":{"line":37,"column":5}},"5":{"start":{"line":33,"column":8},"end":{"line":36,"column":11}},"6":{"start":{"line":35,"column":87},"end":{"line":35,"column":113}},"7":{"start":{"line":39,"column":24},"end":{"line":41,"column":5}},"8":{"start":{"line":40,"column":8},"end":{"line":40,"column":42}},"9":{"start":{"line":43,"column":25},"end":{"line":54,"column":5}},"10":{"start":{"line":44,"column":8},"end":{"line":53,"column":11}},"11":{"start":{"line":48,"column":20},"end":{"line":48,"column":72}},"12":{"start":{"line":48,"column":38},"end":{"line":48,"column":72}},"13":{"start":{"line":49,"column":20},"end":{"line":49,"column":72}},"14":{"start":{"line":49,"column":38},"end":{"line":49,"column":72}},"15":{"start":{"line":50,"column":20},"end":{"line":50,"column":29}},"16":{"start":{"line":56,"column":4},"end":{"line":171,"column":6}},"17":{"start":{"line":68,"column":36},"end":{"line":71,"column":38}},"18":{"start":{"line":85,"column":32},"end":{"line":88,"column":35}},"19":{"start":{"line":99,"column":28},"end":{"line":99,"column":76}},"20":{"start":{"line":107,"column":20},"end":{"line":115,"column":36}},"21":{"start":{"line":123,"column":24},"end":{"line":138,"column":27}},"22":{"start":{"line":149,"column":32},"end":{"line":149,"column":46}},"23":{"start":{"line":150,"column":32},"end":{"line":150,"column":45}},"24":{"start":{"line":162,"column":28},"end":{"line":162,"column":48}},"25":{"start":{"line":163,"column":28},"end":{"line":163,"column":40}}},"fnMap":{"0":{"name":"QuizEdit","decl":{"start":{"line":9,"column":16},"end":{"line":9,"column":24}},"loc":{"start":{"line":21,"column":16},"end":{"line":172,"column":1}},"line":21},"1":{"name":"(anonymous_1)","decl":{"start":{"line":24,"column":25},"end":{"line":24,"column":26}},"loc":{"start":{"line":24,"column":72},"end":{"line":30,"column":5}},"line":24},"2":{"name":"(anonymous_2)","decl":{"start":{"line":28,"column":37},"end":{"line":28,"column":38}},"loc":{"start":{"line":28,"column":71},"end":{"line":28,"column":134}},"line":28},"3":{"name":"(anonymous_3)","decl":{"start":{"line":32,"column":27},"end":{"line":32,"column":28}},"loc":{"start":{"line":32,"column":51},"end":{"line":37,"column":5}},"line":32},"4":{"name":"(anonymous_4)","decl":{"start":{"line":35,"column":54},"end":{"line":35,"column":55}},"loc":{"start":{"line":35,"column":87},"end":{"line":35,"column":113}},"line":35},"5":{"name":"(anonymous_5)","decl":{"start":{"line":39,"column":24},"end":{"line":39,"column":25}},"loc":{"start":{"line":39,"column":30},"end":{"line":41,"column":5}},"line":39},"6":{"name":"(anonymous_6)","decl":{"start":{"line":43,"column":25},"end":{"line":43,"column":26}},"loc":{"start":{"line":43,"column":57},"end":{"line":54,"column":5}},"line":43},"7":{"name":"(anonymous_7)","decl":{"start":{"line":47,"column":16},"end":{"line":47,"column":17}},"loc":{"start":{"line":47,"column":56},"end":{"line":51,"column":17}},"line":47},"8":{"name":"(anonymous_8)","decl":{"start":{"line":65,"column":42},"end":{"line":65,"column":43}},"loc":{"start":{"line":68,"column":36},"end":{"line":71,"column":38}},"line":68},"9":{"name":"(anonymous_9)","decl":{"start":{"line":82,"column":38},"end":{"line":82,"column":39}},"loc":{"start":{"line":84,"column":33},"end":{"line":89,"column":29}},"line":84},"10":{"name":"(anonymous_10)","decl":{"start":{"line":98,"column":34},"end":{"line":98,"column":35}},"loc":{"start":{"line":99,"column":28},"end":{"line":99,"column":76}},"line":99},"11":{"name":"(anonymous_11)","decl":{"start":{"line":106,"column":42},"end":{"line":106,"column":43}},"loc":{"start":{"line":107,"column":20},"end":{"line":115,"column":36}},"line":107},"12":{"name":"(anonymous_12)","decl":{"start":{"line":122,"column":29},"end":{"line":122,"column":30}},"loc":{"start":{"line":122,"column":35},"end":{"line":139,"column":21}},"line":122},"13":{"name":"(anonymous_13)","decl":{"start":{"line":148,"column":37},"end":{"line":148,"column":38}},"loc":{"start":{"line":148,"column":43},"end":{"line":151,"column":29}},"line":148},"14":{"name":"(anonymous_14)","decl":{"start":{"line":161,"column":33},"end":{"line":161,"column":34}},"loc":{"start":{"line":161,"column":39},"end":{"line":164,"column":25}},"line":161}},"branchMap":{"0":{"loc":{"start":{"line":28,"column":79},"end":{"line":28,"column":132}},"type":"cond-expr","locations":[{"start":{"line":28,"column":108},"end":{"line":28,"column":119}},{"start":{"line":28,"column":123},"end":{"line":28,"column":131}}],"line":28},"1":{"loc":{"start":{"line":48,"column":20},"end":{"line":48,"column":72}},"type":"if","locations":[{"start":{"line":48,"column":20},"end":{"line":48,"column":72}},{"start":{},"end":{}}],"line":48},"2":{"loc":{"start":{"line":49,"column":20},"end":{"line":49,"column":72}},"type":"if","locations":[{"start":{"line":49,"column":20},"end":{"line":49,"column":72}},{"start":{},"end":{}}],"line":49}},"s":{"0":17,"1":17,"2":3,"3":12,"4":17,"5":1,"6":4,"7":17,"8":7,"9":17,"10":2,"11":8,"12":2,"13":6,"14":2,"15":4,"16":17,"17":0,"18":2,"19":0,"20":69,"21":1,"22":7,"23":7,"24":1,"25":1},"f":{"0":17,"1":3,"2":12,"3":1,"4":4,"5":7,"6":2,"7":8,"8":0,"9":2,"10":0,"11":69,"12":1,"13":7,"14":1},"b":{"0":[3,9],"1":[2,6],"2":[2,4]},"_coverageSchema":"1a1c01bbd47fc00a2c39e90264f33305004495a9","hash":"603ba40cec09eb3ce2d6790d73bb975e74afe5ce"}
,"C:\\Users\\Michael\\Documents\\CISC275\\Broken Code\\quizzer_start\\src\\quizzer\\QuizExpanded.tsx": {"path":"C:\\Users\\Michael\\Documents\\CISC275\\Broken Code\\quizzer_start\\src\\quizzer\\QuizExpanded.tsx","statementMap":{"0":{"start":{"line":20,"column":30},"end":{"line":23,"column":5}},"1":{"start":{"line":22,"column":12},"end":{"line":22,"column":62}},"2":{"start":{"line":25,"column":20},"end":{"line":25,"column":39}},"3":{"start":{"line":26,"column":38},"end":{"line":28,"column":5}},"4":{"start":{"line":30,"column":33},"end":{"line":34,"column":5}},"5":{"start":{"line":31,"column":29},"end":{"line":31,"column":43}},"6":{"start":{"line":32,"column":8},"end":{"line":32,"column":44}},"7":{"start":{"line":33,"column":8},"end":{"line":33,"column":35}},"8":{"start":{"line":36,"column":24},"end":{"line":39,"column":5}},"9":{"start":{"line":37,"column":47},"end":{"line":37,"column":62}},"10":{"start":{"line":41,"column":22},"end":{"line":43,"column":5}},"11":{"start":{"line":42,"column":8},"end":{"line":42,"column":41}},"12":{"start":{"line":42,"column":26},"end":{"line":42,"column":39}},"13":{"start":{"line":45,"column":18},"end":{"line":55,"column":5}},"14":{"start":{"line":46,"column":8},"end":{"line":46,"column":58}},"15":{"start":{"line":47,"column":8},"end":{"line":52,"column":11}},"16":{"start":{"line":50,"column":44},"end":{"line":50,"column":68}},"17":{"start":{"line":54,"column":8},"end":{"line":54,"column":14}},"18":{"start":{"line":57,"column":28},"end":{"line":62,"column":5}},"19":{"start":{"line":58,"column":8},"end":{"line":61,"column":11}},"20":{"start":{"line":60,"column":72},"end":{"line":60,"column":142}},"21":{"start":{"line":64,"column":4},"end":{"line":116,"column":6}},"22":{"start":{"line":79,"column":28},"end":{"line":79,"column":36}},"23":{"start":{"line":80,"column":28},"end":{"line":80,"column":41}},"24":{"start":{"line":96,"column":16},"end":{"line":104,"column":32}}},"fnMap":{"0":{"name":"QuizExpanded","decl":{"start":{"line":9,"column":16},"end":{"line":9,"column":28}},"loc":{"start":{"line":19,"column":16},"end":{"line":117,"column":1}},"line":19},"1":{"name":"(anonymous_1)","decl":{"start":{"line":21,"column":8},"end":{"line":21,"column":9}},"loc":{"start":{"line":22,"column":12},"end":{"line":22,"column":62}},"line":22},"2":{"name":"(anonymous_2)","decl":{"start":{"line":30,"column":33},"end":{"line":30,"column":34}},"loc":{"start":{"line":30,"column":52},"end":{"line":34,"column":5}},"line":30},"3":{"name":"(anonymous_3)","decl":{"start":{"line":37,"column":8},"end":{"line":37,"column":9}},"loc":{"start":{"line":37,"column":47},"end":{"line":37,"column":62}},"line":37},"4":{"name":"(anonymous_4)","decl":{"start":{"line":41,"column":22},"end":{"line":41,"column":23}},"loc":{"start":{"line":41,"column":37},"end":{"line":43,"column":5}},"line":41},"5":{"name":"(anonymous_5)","decl":{"start":{"line":42,"column":11},"end":{"line":42,"column":12}},"loc":{"start":{"line":42,"column":26},"end":{"line":42,"column":39}},"line":42},"6":{"name":"(anonymous_6)","decl":{"start":{"line":45,"column":18},"end":{"line":45,"column":19}},"loc":{"start":{"line":45,"column":24},"end":{"line":55,"column":5}},"line":45},"7":{"name":"(anonymous_7)","decl":{"start":{"line":50,"column":16},"end":{"line":50,"column":17}},"loc":{"start":{"line":50,"column":44},"end":{"line":50,"column":68}},"line":50},"8":{"name":"(anonymous_8)","decl":{"start":{"line":57,"column":28},"end":{"line":57,"column":29}},"loc":{"start":{"line":57,"column":65},"end":{"line":62,"column":5}},"line":57},"9":{"name":"(anonymous_9)","decl":{"start":{"line":60,"column":48},"end":{"line":60,"column":49}},"loc":{"start":{"line":60,"column":72},"end":{"line":60,"column":142}},"line":60},"10":{"name":"(anonymous_10)","decl":{"start":{"line":78,"column":33},"end":{"line":78,"column":34}},"loc":{"start":{"line":78,"column":39},"end":{"line":81,"column":25}},"line":78},"11":{"name":"(anonymous_11)","decl":{"start":{"line":95,"column":35},"end":{"line":95,"column":36}},"loc":{"start":{"line":96,"column":16},"end":{"line":104,"column":32}},"line":96}},"branchMap":{"0":{"loc":{"start":{"line":22,"column":12},"end":{"line":22,"column":62}},"type":"binary-expr","locations":[{"start":{"line":22,"column":13},"end":{"line":22,"column":27}},{"start":{"line":22,"column":31},"end":{"line":22,"column":42}},{"start":{"line":22,"column":47},"end":{"line":22,"column":62}}],"line":22},"1":{"loc":{"start":{"line":60,"column":72},"end":{"line":60,"column":142}},"type":"cond-expr","locations":[{"start":{"line":60,"column":101},"end":{"line":60,"column":131}},{"start":{"line":60,"column":134},"end":{"line":60,"column":142}}],"line":60},"2":{"loc":{"start":{"line":71,"column":25},"end":{"line":71,"column":66}},"type":"cond-expr","locations":[{"start":{"line":71,"column":58},"end":{"line":71,"column":61}},{"start":{"line":71,"column":64},"end":{"line":71,"column":66}}],"line":71}},"s":{"0":24,"1":96,"2":24,"3":24,"4":24,"5":2,"6":2,"7":2,"8":24,"9":53,"10":24,"11":2,"12":2,"13":24,"14":9,"15":9,"16":36,"17":9,"18":24,"19":2,"20":8,"21":24,"22":8,"23":8,"24":53},"f":{"0":24,"1":96,"2":2,"3":53,"4":2,"5":2,"6":9,"7":36,"8":2,"9":8,"10":8,"11":53},"b":{"0":[96,87,52],"1":[2,6],"2":[23,1]},"_coverageSchema":"1a1c01bbd47fc00a2c39e90264f33305004495a9","hash":"765218de0bbc3a11ef53918407bd005f969d2242"}
,"C:\\Users\\Michael\\Documents\\CISC275\\Broken Code\\quizzer_start\\src\\quizzer\\QuizList.tsx": {"path":"C:\\Users\\Michael\\Documents\\CISC275\\Broken Code\\quizzer_start\\src\\quizzer\\QuizList.tsx","statementMap":{"0":{"start":{"line":19,"column":38},"end":{"line":19,"column":67}},"1":{"start":{"line":21,"column":27},"end":{"line":23,"column":5}},"2":{"start":{"line":22,"column":8},"end":{"line":22,"column":25}},"3":{"start":{"line":25,"column":26},"end":{"line":27,"column":5}},"4":{"start":{"line":26,"column":8},"end":{"line":26,"column":27}},"5":{"start":{"line":29,"column":4},"end":{"line":60,"column":6}},"6":{"start":{"line":34,"column":24},"end":{"line":38,"column":36}},"7":{"start":{"line":46,"column":16},"end":{"line":56,"column":17}},"8":{"start":{"line":47,"column":20},"end":{"line":55,"column":22}},"9":{"start":{"line":57,"column":16},"end":{"line":57,"column":28}}},"fnMap":{"0":{"name":"QuizList","decl":{"start":{"line":8,"column":16},"end":{"line":8,"column":24}},"loc":{"start":{"line":18,"column":16},"end":{"line":61,"column":1}},"line":18},"1":{"name":"(anonymous_1)","decl":{"start":{"line":21,"column":27},"end":{"line":21,"column":28}},"loc":{"start":{"line":21,"column":43},"end":{"line":23,"column":5}},"line":21},"2":{"name":"(anonymous_2)","decl":{"start":{"line":25,"column":26},"end":{"line":25,"column":27}},"loc":{"start":{"line":25,"column":32},"end":{"line":27,"column":5}},"line":25},"3":{"name":"(anonymous_3)","decl":{"start":{"line":33,"column":33},"end":{"line":33,"column":34}},"loc":{"start":{"line":34,"column":24},"end":{"line":38,"column":36}},"line":34},"4":{"name":"(anonymous_4)","decl":{"start":{"line":45,"column":25},"end":{"line":45,"column":26}},"loc":{"start":{"line":45,"column":41},"end":{"line":58,"column":13}},"line":45}},"branchMap":{"0":{"loc":{"start":{"line":31,"column":13},"end":{"line":44,"column":13}},"type":"binary-expr","locations":[{"start":{"line":31,"column":13},"end":{"line":31,"column":23}},{"start":{"line":32,"column":16},"end":{"line":43,"column":19}}],"line":31},"1":{"loc":{"start":{"line":46,"column":16},"end":{"line":56,"column":17}},"type":"if","locations":[{"start":{"line":46,"column":16},"end":{"line":56,"column":17}},{"start":{},"end":{}}],"line":46}},"s":{"0":47,"1":47,"2":12,"3":47,"4":1,"5":47,"6":85,"7":235,"8":30,"9":205},"f":{"0":47,"1":12,"2":1,"3":85,"4":235},"b":{"0":[47,17],"1":[30,205]},"_coverageSchema":"1a1c01bbd47fc00a2c39e90264f33305004495a9","hash":"30d6ffd2bf47d9872d4ee83522efc57811286e45"}
,"C:\\Users\\Michael\\Documents\\CISC275\\Broken Code\\quizzer_start\\src\\quizzer\\QuizQuestion.tsx": {"path":"C:\\Users\\Michael\\Documents\\CISC275\\Broken Code\\quizzer_start\\src\\quizzer\\QuizQuestion.tsx","statementMap":{"0":{"start":{"line":23,"column":24},"end":{"line":27,"column":5}},"1":{"start":{"line":24,"column":8},"end":{"line":26,"column":9}},"2":{"start":{"line":25,"column":12},"end":{"line":25,"column":57}},"3":{"start":{"line":29,"column":30},"end":{"line":34,"column":5}},"4":{"start":{"line":30,"column":8},"end":{"line":30,"column":28}},"5":{"start":{"line":31,"column":8},"end":{"line":33,"column":9}},"6":{"start":{"line":32,"column":12},"end":{"line":32,"column":39}},"7":{"start":{"line":36,"column":4},"end":{"line":92,"column":6}},"8":{"start":{"line":62,"column":36},"end":{"line":70,"column":38}}},"fnMap":{"0":{"name":"QuizQuestion","decl":{"start":{"line":8,"column":16},"end":{"line":8,"column":28}},"loc":{"start":{"line":22,"column":16},"end":{"line":93,"column":1}},"line":22},"1":{"name":"(anonymous_1)","decl":{"start":{"line":23,"column":24},"end":{"line":23,"column":25}},"loc":{"start":{"line":23,"column":44},"end":{"line":27,"column":5}},"line":23},"2":{"name":"(anonymous_2)","decl":{"start":{"line":29,"column":30},"end":{"line":29,"column":31}},"loc":{"start":{"line":29,"column":36},"end":{"line":34,"column":5}},"line":29},"3":{"name":"(anonymous_3)","decl":{"start":{"line":61,"column":32},"end":{"line":61,"column":33}},"loc":{"start":{"line":62,"column":36},"end":{"line":70,"column":38}},"line":62}},"branchMap":{"0":{"loc":{"start":{"line":24,"column":8},"end":{"line":26,"column":9}},"type":"if","locations":[{"start":{"line":24,"column":8},"end":{"line":26,"column":9}},{"start":{},"end":{}}],"line":24},"1":{"loc":{"start":{"line":31,"column":8},"end":{"line":33,"column":9}},"type":"if","locations":[{"start":{"line":31,"column":8},"end":{"line":33,"column":9}},{"start":{},"end":{}}],"line":31},"2":{"loc":{"start":{"line":45,"column":45},"end":{"line":45,"column":77}},"type":"cond-expr","locations":[{"start":{"line":45,"column":69},"end":{"line":45,"column":72}},{"start":{"line":45,"column":75},"end":{"line":45,"column":77}}],"line":45},"3":{"loc":{"start":{"line":49,"column":21},"end":{"line":57,"column":21}},"type":"binary-expr","locations":[{"start":{"line":49,"column":21},"end":{"line":49,"column":62}},{"start":{"line":50,"column":24},"end":{"line":56,"column":37}}],"line":49},"4":{"loc":{"start":{"line":58,"column":21},"end":{"line":74,"column":21}},"type":"binary-expr","locations":[{"start":{"line":58,"column":21},"end":{"line":58,"column":65}},{"start":{"line":59,"column":24},"end":{"line":73,"column":30}}],"line":58},"5":{"loc":{"start":{"line":76,"column":39},"end":{"line":76,"column":64}},"type":"cond-expr","locations":[{"start":{"line":76,"column":51},"end":{"line":76,"column":53}},{"start":{"line":76,"column":56},"end":{"line":76,"column":64}}],"line":76},"6":{"loc":{"start":{"line":77,"column":29},"end":{"line":79,"column":37}},"type":"cond-expr","locations":[{"start":{"line":78,"column":34},"end":{"line":78,"column":38}},{"start":{"line":79,"column":34},"end":{"line":79,"column":37}}],"line":77}},"s":{"0":53,"1":2,"2":2,"3":53,"4":2,"5":2,"6":2,"7":53,"8":84},"f":{"0":53,"1":2,"2":2,"3":84},"b":{"0":[2,0],"1":[2,0],"2":[3,50],"3":[53,25],"4":[53,28],"5":[2,51],"6":[4,49]},"_coverageSchema":"1a1c01bbd47fc00a2c39e90264f33305004495a9","hash":"06a671d2a0dcbde97ca48262cd8cf280f5fb6cd3"}
,"C:\\Users\\Michael\\Documents\\CISC275\\Broken Code\\quizzer_start\\src\\quizzer\\QuizView.tsx": {"path":"C:\\Users\\Michael\\Documents\\CISC275\\Broken Code\\quizzer_start\\src\\quizzer\\QuizView.tsx","statementMap":{"0":{"start":{"line":19,"column":28},"end":{"line":19,"column":43}},"1":{"start":{"line":21,"column":23},"end":{"line":23,"column":5}},"2":{"start":{"line":22,"column":8},"end":{"line":22,"column":23}},"3":{"start":{"line":25,"column":4},"end":{"line":45,"column":6}}},"fnMap":{"0":{"name":"QuizView","decl":{"start":{"line":8,"column":16},"end":{"line":8,"column":24}},"loc":{"start":{"line":18,"column":16},"end":{"line":46,"column":1}},"line":18},"1":{"name":"(anonymous_1)","decl":{"start":{"line":21,"column":23},"end":{"line":21,"column":24}},"loc":{"start":{"line":21,"column":29},"end":{"line":23,"column":5}},"line":21}},"branchMap":{"0":{"loc":{"start":{"line":27,"column":13},"end":{"line":35,"column":13}},"type":"binary-expr","locations":[{"start":{"line":27,"column":13},"end":{"line":27,"column":17}},{"start":{"line":28,"column":16},"end":{"line":34,"column":28}}],"line":27},"1":{"loc":{"start":{"line":36,"column":13},"end":{"line":43,"column":13}},"type":"binary-expr","locations":[{"start":{"line":36,"column":13},"end":{"line":36,"column":18}},{"start":{"line":37,"column":16},"end":{"line":42,"column":32}}],"line":36}},"s":{"0":30,"1":30,"2":15,"3":30},"f":{"0":30,"1":15},"b":{"0":[30,8],"1":[30,22]},"_coverageSchema":"1a1c01bbd47fc00a2c39e90264f33305004495a9","hash":"e83b7c4a7c3929b7e2b7a97788b1a7ed4b176406"}
,"C:\\Users\\Michael\\Documents\\CISC275\\Broken Code\\quizzer_start\\src\\quizzer\\Quizzer.tsx": {"path":"C:\\Users\\Michael\\Documents\\CISC275\\Broken Code\\quizzer_start\\src\\quizzer\\Quizzer.tsx","statementMap":{"0":{"start":{"line":10,"column":16},"end":{"line":21,"column":1}},"1":{"start":{"line":11,"column":21},"end":{"line":20,"column":5}},"2":{"start":{"line":14,"column":30},"end":{"line":18,"column":13}},"3":{"start":{"line":24,"column":34},"end":{"line":24,"column":59}},"4":{"start":{"line":25,"column":44},"end":{"line":25,"column":59}},"5":{"start":{"line":28,"column":8},"end":{"line":30,"column":10}},"6":{"start":{"line":29,"column":44},"end":{"line":29,"column":70}},"7":{"start":{"line":35,"column":8},"end":{"line":35,"column":121}},"8":{"start":{"line":39,"column":8},"end":{"line":39,"column":71}},"9":{"start":{"line":39,"column":56},"end":{"line":39,"column":68}},"10":{"start":{"line":42,"column":28},"end":{"line":42,"column":55}},"11":{"start":{"line":42,"column":34},"end":{"line":42,"column":55}},"12":{"start":{"line":43,"column":29},"end":{"line":43,"column":57}},"13":{"start":{"line":43,"column":35},"end":{"line":43,"column":57}},"14":{"start":{"line":45,"column":4},"end":{"line":108,"column":6}}},"fnMap":{"0":{"name":"(anonymous_0)","decl":{"start":{"line":11,"column":4},"end":{"line":11,"column":5}},"loc":{"start":{"line":11,"column":21},"end":{"line":20,"column":5}},"line":11},"1":{"name":"(anonymous_1)","decl":{"start":{"line":14,"column":12},"end":{"line":14,"column":13}},"loc":{"start":{"line":14,"column":30},"end":{"line":18,"column":13}},"line":14},"2":{"name":"Quizzer","decl":{"start":{"line":23,"column":16},"end":{"line":23,"column":23}},"loc":{"start":{"line":23,"column":40},"end":{"line":109,"column":1}},"line":23},"3":{"name":"editQuiz","decl":{"start":{"line":27,"column":13},"end":{"line":27,"column":21}},"loc":{"start":{"line":27,"column":50},"end":{"line":31,"column":5}},"line":27},"4":{"name":"(anonymous_4)","decl":{"start":{"line":29,"column":24},"end":{"line":29,"column":25}},"loc":{"start":{"line":29,"column":44},"end":{"line":29,"column":70}},"line":29},"5":{"name":"addQuiz","decl":{"start":{"line":33,"column":13},"end":{"line":33,"column":20}},"loc":{"start":{"line":33,"column":50},"end":{"line":36,"column":5}},"line":33},"6":{"name":"deleteQuiz","decl":{"start":{"line":38,"column":13},"end":{"line":38,"column":23}},"loc":{"start":{"line":38,"column":37},"end":{"line":40,"column":5}},"line":38},"7":{"name":"(anonymous_7)","decl":{"start":{"line":39,"column":34},"end":{"line":39,"column":35}},"loc":{"start":{"line":39,"column":56},"end":{"line":39,"column":68}},"line":39},"8":{"name":"(anonymous_8)","decl":{"start":{"line":42,"column":28},"end":{"line":42,"column":29}},"loc":{"start":{"line":42,"column":34},"end":{"line":42,"column":55}},"line":42},"9":{"name":"(anonymous_9)","decl":{"start":{"line":43,"column":29},"end":{"line":43,"column":30}},"loc":{"start":{"line":43,"column":35},"end":{"line":43,"column":57}},"line":43}},"branchMap":{"0":{"loc":{"start":{"line":29,"column":44},"end":{"line":29,"column":70}},"type":"cond-expr","locations":[{"start":{"line":29,"column":59},"end":{"line":29,"column":66}},{"start":{"line":29,"column":69},"end":{"line":29,"column":70}}],"line":29}},"s":{"0":1,"1":5,"2":20,"3":36,"4":35,"5":18,"6":90,"7":1,"8":1,"9":5,"10":35,"11":1,"12":35,"13":1,"14":35},"f":{"0":5,"1":20,"2":36,"3":18,"4":90,"5":1,"6":1,"7":5,"8":1,"9":1},"b":{"0":[18,72]},"_coverageSchema":"1a1c01bbd47fc00a2c39e90264f33305004495a9","hash":"78f73f74e9b2140cf84511919c7abaa4c1470e8d"}
}
