TN:
SF:src\App.tsx
FN:8,App
FN:16,(anonymous_1)
FNF:2
FNH:0
FNDA:0,App
FNDA:0,(anonymous_1)
DA:9,0
DA:11,0
DA:17,0
LF:3
LH:0
BRDA:20,0,0,0
BRDA:20,0,1,0
BRDA:23,1,0,0
BRDA:23,1,1,0
BRF:4
BRH:0
end_of_record
TN:
SF:src\interfaces\question.ts
FNF:0
FNH:0
LF:0
LH:0
BRF:0
BRH:0
end_of_record
TN:
SF:src\interfaces\quiz.ts
FNF:0
FNH:0
LF:0
LH:0
BRF:0
BRH:0
end_of_record
TN:
SF:src\quizzer\AddQuizModal.tsx
FN:4,AddQuizModal
FN:16,(anonymous_1)
FN:34,(anonymous_2)
FN:43,(anonymous_3)
FN:52,(anonymous_4)
FNF:5
FNH:2
FNDA:33,AddQuizModal
FNDA:1,(anonymous_1)
FNDA:0,(anonymous_2)
FNDA:0,(anonymous_3)
FNDA:0,(anonymous_4)
DA:13,33
DA:14,33
DA:16,33
DA:17,1
DA:18,1
DA:19,1
DA:20,1
DA:23,33
DA:36,0
DA:45,0
DA:53,0
DA:54,0
DA:55,0
LF:13
LH:8
BRF:0
BRH:0
end_of_record
TN:
SF:src\quizzer\QuestionEdit.tsx
FN:7,QuestionEdit
FN:23,(anonymous_1)
FN:26,(anonymous_2)
FN:38,(anonymous_3)
FN:48,(anonymous_4)
FN:53,(anonymous_5)
FN:66,(anonymous_6)
FN:89,(anonymous_7)
FN:162,(anonymous_8)
FN:177,(anonymous_9)
FN:196,(anonymous_10)
FN:216,(anonymous_11)
FN:225,(anonymous_12)
FN:241,(anonymous_13)
FN:250,(anonymous_14)
FNF:15
FNH:6
FNDA:58,QuestionEdit
FNDA:57,(anonymous_1)
FNDA:0,(anonymous_2)
FNDA:1,(anonymous_3)
FNDA:0,(anonymous_4)
FNDA:0,(anonymous_5)
FNDA:0,(anonymous_6)
FNDA:0,(anonymous_7)
FNDA:0,(anonymous_8)
FNDA:87,(anonymous_9)
FNDA:0,(anonymous_10)
FNDA:2,(anonymous_11)
FNDA:0,(anonymous_12)
FNDA:1,(anonymous_13)
FNDA:0,(anonymous_14)
DA:22,58
DA:23,57
DA:26,58
DA:27,0
DA:29,0
DA:30,0
DA:38,58
DA:39,1
DA:40,1
DA:48,58
DA:49,0
DA:50,0
DA:53,58
DA:57,0
DA:58,0
DA:59,0
DA:66,58
DA:67,0
DA:68,0
DA:69,0
DA:75,58
DA:92,0
DA:165,0
DA:178,87
DA:199,0
DA:217,2
DA:226,0
DA:242,1
DA:251,0
LF:29
LH:13
BRDA:29,0,0,0
BRDA:29,0,1,0
BRDA:62,1,0,0
BRDA:62,1,1,0
BRDA:111,2,0,14
BRDA:111,2,1,44
BRDA:142,3,0,58
BRDA:142,3,1,29
BRDA:157,4,0,58
BRDA:157,4,1,29
BRDA:173,5,0,58
BRDA:173,5,1,29
BRF:12
BRH:8
end_of_record
TN:
SF:src\quizzer\QuizCard.tsx
FN:7,QuizCard
FN:15,(anonymous_1)
FN:24,(anonymous_2)
FNF:3
FNH:3
FNDA:85,QuizCard
FNDA:336,(anonymous_1)
FNDA:11,(anonymous_2)
DA:14,85
DA:16,336
DA:19,85
DA:25,11
LF:4
LH:4
BRDA:16,0,0,336
BRDA:16,0,1,285
BRDA:16,0,2,151
BRDA:32,1,0,85
BRDA:32,1,1,0
BRF:5
BRH:4
end_of_record
TN:
SF:src\quizzer\QuizEdit.tsx
FN:9,QuizEdit
FN:24,(anonymous_1)
FN:28,(anonymous_2)
FN:32,(anonymous_3)
FN:35,(anonymous_4)
FN:39,(anonymous_5)
FN:43,(anonymous_6)
FN:47,(anonymous_7)
FN:65,(anonymous_8)
FN:82,(anonymous_9)
FN:98,(anonymous_10)
FN:106,(anonymous_11)
FN:122,(anonymous_12)
FN:148,(anonymous_13)
FN:161,(anonymous_14)
FNF:15
FNH:11
FNDA:14,QuizEdit
FNDA:2,(anonymous_1)
FNDA:8,(anonymous_2)
FNDA:0,(anonymous_3)
FNDA:0,(anonymous_4)
FNDA:6,(anonymous_5)
FNDA:2,(anonymous_6)
FNDA:8,(anonymous_7)
FNDA:0,(anonymous_8)
FNDA:2,(anonymous_9)
FNDA:0,(anonymous_10)
FNDA:58,(anonymous_11)
FNDA:1,(anonymous_12)
FNDA:6,(anonymous_13)
FNDA:1,(anonymous_14)
DA:22,14
DA:24,14
DA:25,2
DA:28,8
DA:32,14
DA:33,0
DA:35,0
DA:39,14
DA:40,6
DA:43,14
DA:44,2
DA:48,8
DA:49,6
DA:50,4
DA:56,14
DA:68,0
DA:85,2
DA:99,0
DA:107,58
DA:123,1
DA:149,6
DA:150,6
DA:162,1
DA:163,1
LF:24
LH:20
BRDA:28,0,0,2
BRDA:28,0,1,6
BRDA:48,1,0,2
BRDA:48,1,1,6
BRDA:49,2,0,2
BRDA:49,2,1,4
BRF:6
BRH:6
end_of_record
TN:
SF:src\quizzer\QuizExpanded.tsx
FN:9,QuizExpanded
FN:21,(anonymous_1)
FN:30,(anonymous_2)
FN:37,(anonymous_3)
FN:41,(anonymous_4)
FN:42,(anonymous_5)
FN:45,(anonymous_6)
FN:50,(anonymous_7)
FN:57,(anonymous_8)
FN:60,(anonymous_9)
FN:78,(anonymous_10)
FN:95,(anonymous_11)
FNF:12
FNH:12
FNDA:22,QuizExpanded
FNDA:89,(anonymous_1)
FNDA:2,(anonymous_2)
FNDA:50,(anonymous_3)
FNDA:2,(anonymous_4)
FNDA:2,(anonymous_5)
FNDA:8,(anonymous_6)
FNDA:32,(anonymous_7)
FNDA:2,(anonymous_8)
FNDA:8,(anonymous_9)
FNDA:7,(anonymous_10)
FNDA:50,(anonymous_11)
DA:20,22
DA:22,89
DA:25,22
DA:26,22
DA:30,22
DA:31,2
DA:32,2
DA:33,2
DA:36,22
DA:37,50
DA:41,22
DA:42,2
DA:45,22
DA:46,8
DA:47,8
DA:50,32
DA:54,8
DA:57,22
DA:58,2
DA:60,8
DA:64,22
DA:79,7
DA:80,7
DA:96,50
LF:24
LH:24
BRDA:22,0,0,89
BRDA:22,0,1,80
BRDA:22,0,2,48
BRDA:60,1,0,2
BRDA:60,1,1,6
BRDA:71,2,0,22
BRDA:71,2,1,0
BRF:7
BRH:6
end_of_record
TN:
SF:src\quizzer\QuizList.tsx
FN:8,QuizList
FN:21,(anonymous_1)
FN:25,(anonymous_2)
FN:33,(anonymous_3)
FN:45,(anonymous_4)
FNF:5
FNH:5
FNDA:44,QuizList
FNDA:11,(anonymous_1)
FNDA:1,(anonymous_2)
FNDA:85,(anonymous_3)
FNDA:220,(anonymous_4)
DA:19,44
DA:21,44
DA:22,11
DA:25,44
DA:26,1
DA:29,44
DA:34,85
DA:46,220
DA:47,27
DA:57,193
LF:10
LH:10
BRDA:31,0,0,44
BRDA:31,0,1,17
BRDA:46,1,0,27
BRDA:46,1,1,193
BRF:4
BRH:4
end_of_record
TN:
SF:src\quizzer\QuizQuestion.tsx
FN:8,QuizQuestion
FN:23,(anonymous_1)
FN:29,(anonymous_2)
FN:61,(anonymous_3)
FNF:4
FNH:4
FNDA:50,QuizQuestion
FNDA:2,(anonymous_1)
FNDA:2,(anonymous_2)
FNDA:78,(anonymous_3)
DA:23,50
DA:24,2
DA:25,2
DA:29,50
DA:30,2
DA:31,2
DA:32,2
DA:36,50
DA:62,78
LF:9
LH:9
BRDA:24,0,0,2
BRDA:24,0,1,0
BRDA:31,1,0,2
BRDA:31,1,1,0
BRDA:45,2,0,3
BRDA:45,2,1,47
BRDA:49,3,0,50
BRDA:49,3,1,24
BRDA:58,4,0,50
BRDA:58,4,1,26
BRDA:76,5,0,2
BRDA:76,5,1,48
BRDA:77,6,0,4
BRDA:77,6,1,46
BRF:14
BRH:12
end_of_record
TN:
SF:src\quizzer\QuizView.tsx
FN:8,QuizView
FN:21,(anonymous_1)
FNF:2
FNH:2
FNDA:27,QuizView
FNDA:13,(anonymous_1)
DA:19,27
DA:21,27
DA:22,13
DA:25,27
LF:4
LH:4
BRDA:27,0,0,27
BRDA:27,0,1,7
BRDA:36,1,0,27
BRDA:36,1,1,20
BRF:4
BRH:4
end_of_record
TN:
SF:src\quizzer\Quizzer.tsx
FN:11,(anonymous_0)
FN:14,(anonymous_1)
FN:23,Quizzer
FN:27,editQuiz
FN:29,(anonymous_4)
FN:33,addQuiz
FN:38,deleteQuiz
FN:39,(anonymous_7)
FN:42,(anonymous_8)
FN:43,(anonymous_9)
FNF:10
FNH:10
FNDA:5,(anonymous_0)
FNDA:20,(anonymous_1)
FNDA:34,Quizzer
FNDA:16,editQuiz
FNDA:80,(anonymous_4)
FNDA:1,addQuiz
FNDA:1,deleteQuiz
FNDA:5,(anonymous_7)
FNDA:1,(anonymous_8)
FNDA:1,(anonymous_9)
DA:10,1
DA:11,5
DA:14,20
DA:24,34
DA:25,33
DA:28,16
DA:29,80
DA:35,1
DA:39,5
DA:42,33
DA:43,33
DA:45,33
LF:12
LH:12
BRDA:29,0,0,16
BRDA:29,0,1,64
BRF:2
BRH:2
end_of_record
