TN:
SF:src\App.tsx
FN:8,App
FN:16,(anonymous_1)
FNF:2
FNH:1
FNDA:1,App
FNDA:0,(anonymous_1)
DA:9,1
DA:11,1
DA:17,0
LF:3
LH:2
BRDA:20,0,0,1
BRDA:20,0,1,0
BRDA:23,1,0,1
BRDA:23,1,1,0
BRF:4
BRH:2
end_of_record
TN:
SF:src\interfaces\question.ts
FNF:0
FNH:0
LF:0
LH:0
BRF:0
BRH:0
end_of_record
TN:
SF:src\interfaces\quiz.ts
FNF:0
FNH:0
LF:0
LH:0
BRF:0
BRH:0
end_of_record
TN:
SF:src\quizzer\AddQuizModal.tsx
FN:4,AddQuizModal
FN:16,(anonymous_1)
FN:34,(anonymous_2)
FN:43,(anonymous_3)
FN:52,(anonymous_4)
FNF:5
FNH:2
FNDA:36,AddQuizModal
FNDA:1,(anonymous_1)
FNDA:0,(anonymous_2)
FNDA:0,(anonymous_3)
FNDA:0,(anonymous_4)
DA:13,36
DA:14,36
DA:16,36
DA:17,1
DA:18,1
DA:19,1
DA:20,1
DA:23,36
DA:36,0
DA:45,0
DA:53,0
DA:54,0
DA:55,0
LF:13
LH:8
BRF:0
BRH:0
end_of_record
TN:
SF:src\quizzer\QuestionEdit.tsx
FN:7,QuestionEdit
FN:23,(anonymous_1)
FN:26,(anonymous_2)
FN:38,(anonymous_3)
FN:58,(anonymous_4)
FN:63,(anonymous_5)
FN:76,(anonymous_6)
FN:99,(anonymous_7)
FN:172,(anonymous_8)
FN:187,(anonymous_9)
FN:206,(anonymous_10)
FN:226,(anonymous_11)
FN:235,(anonymous_12)
FN:251,(anonymous_13)
FN:263,(anonymous_14)
FNF:15
FNH:8
FNDA:69,QuestionEdit
FNDA:69,(anonymous_1)
FNDA:0,(anonymous_2)
FNDA:1,(anonymous_3)
FNDA:0,(anonymous_4)
FNDA:0,(anonymous_5)
FNDA:0,(anonymous_6)
FNDA:1,(anonymous_7)
FNDA:0,(anonymous_8)
FNDA:105,(anonymous_9)
FNDA:0,(anonymous_10)
FNDA:2,(anonymous_11)
FNDA:0,(anonymous_12)
FNDA:1,(anonymous_13)
FNDA:1,(anonymous_14)
DA:22,69
DA:23,69
DA:26,69
DA:27,0
DA:29,0
DA:30,0
DA:38,69
DA:39,1
DA:40,1
DA:41,1
DA:49,0
DA:58,69
DA:59,0
DA:60,0
DA:63,69
DA:67,0
DA:68,0
DA:69,0
DA:76,69
DA:77,0
DA:78,0
DA:79,0
DA:85,69
DA:102,1
DA:175,0
DA:188,105
DA:209,0
DA:227,2
DA:236,0
DA:252,1
DA:264,1
LF:31
LH:16
BRDA:29,0,0,0
BRDA:29,0,1,0
BRDA:40,1,0,1
BRDA:40,1,1,0
BRDA:72,2,0,0
BRDA:72,2,1,0
BRDA:121,3,0,17
BRDA:121,3,1,52
BRDA:152,4,0,69
BRDA:152,4,1,35
BRDA:167,5,0,69
BRDA:167,5,1,34
BRDA:183,6,0,69
BRDA:183,6,1,35
BRF:14
BRH:9
end_of_record
TN:
SF:src\quizzer\QuizCard.tsx
FN:7,QuizCard
FN:15,(anonymous_1)
FN:24,(anonymous_2)
FNF:3
FNH:3
FNDA:90,QuizCard
FNDA:356,(anonymous_1)
FNDA:12,(anonymous_2)
DA:14,90
DA:16,356
DA:19,90
DA:25,12
LF:4
LH:4
BRDA:16,0,0,356
BRDA:16,0,1,302
BRDA:16,0,2,160
BRDA:32,1,0,90
BRDA:32,1,1,0
BRF:5
BRH:4
end_of_record
TN:
SF:src\quizzer\QuizEdit.tsx
FN:9,QuizEdit
FN:24,(anonymous_1)
FN:28,(anonymous_2)
FN:32,(anonymous_3)
FN:35,(anonymous_4)
FN:39,(anonymous_5)
FN:43,(anonymous_6)
FN:47,(anonymous_7)
FN:65,(anonymous_8)
FN:82,(anonymous_9)
FN:98,(anonymous_10)
FN:106,(anonymous_11)
FN:122,(anonymous_12)
FN:148,(anonymous_13)
FN:161,(anonymous_14)
FNF:15
FNH:13
FNDA:17,QuizEdit
FNDA:3,(anonymous_1)
FNDA:12,(anonymous_2)
FNDA:1,(anonymous_3)
FNDA:4,(anonymous_4)
FNDA:7,(anonymous_5)
FNDA:2,(anonymous_6)
FNDA:8,(anonymous_7)
FNDA:0,(anonymous_8)
FNDA:2,(anonymous_9)
FNDA:0,(anonymous_10)
FNDA:69,(anonymous_11)
FNDA:1,(anonymous_12)
FNDA:7,(anonymous_13)
FNDA:1,(anonymous_14)
DA:22,17
DA:24,17
DA:25,3
DA:28,12
DA:32,17
DA:33,1
DA:35,4
DA:39,17
DA:40,7
DA:43,17
DA:44,2
DA:48,8
DA:49,6
DA:50,4
DA:56,17
DA:68,0
DA:85,2
DA:99,0
DA:107,69
DA:123,1
DA:149,7
DA:150,7
DA:162,1
DA:163,1
LF:24
LH:22
BRDA:28,0,0,3
BRDA:28,0,1,9
BRDA:48,1,0,2
BRDA:48,1,1,6
BRDA:49,2,0,2
BRDA:49,2,1,4
BRF:6
BRH:6
end_of_record
TN:
SF:src\quizzer\QuizExpanded.tsx
FN:9,QuizExpanded
FN:21,(anonymous_1)
FN:30,(anonymous_2)
FN:37,(anonymous_3)
FN:41,(anonymous_4)
FN:42,(anonymous_5)
FN:45,(anonymous_6)
FN:50,(anonymous_7)
FN:57,(anonymous_8)
FN:60,(anonymous_9)
FN:78,(anonymous_10)
FN:95,(anonymous_11)
FNF:12
FNH:12
FNDA:24,QuizExpanded
FNDA:96,(anonymous_1)
FNDA:2,(anonymous_2)
FNDA:53,(anonymous_3)
FNDA:2,(anonymous_4)
FNDA:2,(anonymous_5)
FNDA:9,(anonymous_6)
FNDA:36,(anonymous_7)
FNDA:2,(anonymous_8)
FNDA:8,(anonymous_9)
FNDA:8,(anonymous_10)
FNDA:53,(anonymous_11)
DA:20,24
DA:22,96
DA:25,24
DA:26,24
DA:30,24
DA:31,2
DA:32,2
DA:33,2
DA:36,24
DA:37,53
DA:41,24
DA:42,2
DA:45,24
DA:46,9
DA:47,9
DA:50,36
DA:54,9
DA:57,24
DA:58,2
DA:60,8
DA:64,24
DA:79,8
DA:80,8
DA:96,53
LF:24
LH:24
BRDA:22,0,0,96
BRDA:22,0,1,87
BRDA:22,0,2,52
BRDA:60,1,0,2
BRDA:60,1,1,6
BRDA:71,2,0,23
BRDA:71,2,1,1
BRF:7
BRH:7
end_of_record
TN:
SF:src\quizzer\QuizList.tsx
FN:8,QuizList
FN:21,(anonymous_1)
FN:25,(anonymous_2)
FN:33,(anonymous_3)
FN:45,(anonymous_4)
FNF:5
FNH:5
FNDA:48,QuizList
FNDA:12,(anonymous_1)
FNDA:1,(anonymous_2)
FNDA:90,(anonymous_3)
FNDA:240,(anonymous_4)
DA:19,48
DA:21,48
DA:22,12
DA:25,48
DA:26,1
DA:29,48
DA:34,90
DA:46,240
DA:47,30
DA:57,210
LF:10
LH:10
BRDA:31,0,0,48
BRDA:31,0,1,18
BRDA:46,1,0,30
BRDA:46,1,1,210
BRF:4
BRH:4
end_of_record
TN:
SF:src\quizzer\QuizQuestion.tsx
FN:8,QuizQuestion
FN:23,(anonymous_1)
FN:29,(anonymous_2)
FN:61,(anonymous_3)
FNF:4
FNH:4
FNDA:53,QuizQuestion
FNDA:2,(anonymous_1)
FNDA:2,(anonymous_2)
FNDA:84,(anonymous_3)
DA:23,53
DA:24,2
DA:25,2
DA:29,53
DA:30,2
DA:31,2
DA:32,2
DA:36,53
DA:62,84
LF:9
LH:9
BRDA:24,0,0,2
BRDA:24,0,1,0
BRDA:31,1,0,2
BRDA:31,1,1,0
BRDA:45,2,0,3
BRDA:45,2,1,50
BRDA:49,3,0,53
BRDA:49,3,1,25
BRDA:58,4,0,53
BRDA:58,4,1,28
BRDA:76,5,0,2
BRDA:76,5,1,51
BRDA:77,6,0,4
BRDA:77,6,1,49
BRF:14
BRH:12
end_of_record
TN:
SF:src\quizzer\QuizView.tsx
FN:8,QuizView
FN:21,(anonymous_1)
FNF:2
FNH:2
FNDA:30,QuizView
FNDA:15,(anonymous_1)
DA:19,30
DA:21,30
DA:22,15
DA:25,30
LF:4
LH:4
BRDA:27,0,0,30
BRDA:27,0,1,8
BRDA:36,1,0,30
BRDA:36,1,1,22
BRF:4
BRH:4
end_of_record
TN:
SF:src\quizzer\Quizzer.tsx
FN:11,(anonymous_0)
FN:14,(anonymous_1)
FN:23,Quizzer
FN:27,editQuiz
FN:29,(anonymous_4)
FN:33,addQuiz
FN:38,deleteQuiz
FN:39,(anonymous_7)
FN:42,(anonymous_8)
FN:43,(anonymous_9)
FNF:10
FNH:10
FNDA:10,(anonymous_0)
FNDA:40,(anonymous_1)
FNDA:37,Quizzer
FNDA:18,editQuiz
FNDA:90,(anonymous_4)
FNDA:1,addQuiz
FNDA:1,deleteQuiz
FNDA:5,(anonymous_7)
FNDA:1,(anonymous_8)
FNDA:1,(anonymous_9)
DA:10,2
DA:11,10
DA:14,40
DA:24,37
DA:25,36
DA:28,18
DA:29,90
DA:35,1
DA:39,5
DA:42,36
DA:43,36
DA:45,36
LF:12
LH:12
BRDA:29,0,0,18
BRDA:29,0,1,72
BRF:2
BRH:2
end_of_record
